C51 COMPILER V9.60.0.0   LED                                                               04/02/2020 21:19:48 PAGE 1   


C51 COMPILER V9.60.0.0, COMPILATION OF MODULE LED
OBJECT MODULE PLACED IN .\Objects\Led.obj
COMPILER INVOKED BY: E:\Space_X\ProgramFiles_X\Keil\C51\BIN\C51.EXE Led.c OPTIMIZE(8,SPEED) BROWSE DEBUG OBJECTEXTEND PR
                    -INT(.\Listings\Led.lst) TABS(2) OBJECT(.\Objects\Led.obj)

line level    source

   1          #include <reg52.h>
   2          #define uchar unsigned char
   3          uchar i,j,h;
   4          sbit ledx = P1^i;
*** ERROR C144 IN LINE 4 OF Led.c: base^pos: invalid bit position
   5          
   6          int g,b,t;
   7          t = 1000;
   8          // single LEDS //
   9          led1 = 0xfe;
  10          led2 = 0xfd;
  11          led3 = 0xfb;
  12          led4 = 0xf7;
  13          led5 = 0xef;
  14          led6 = 0xdf;
  15          led7 = 0xbf;
  16          led8 = 0x7f;
  17          // multiple LEDs //
  18          ledallon = 0x00;
  19          ledalloff = 0xff;
  20          halfon1 = 0x0f;
  21          halfon2 = 0xf0;
  22          
  23          
  24          void ledswap();
  25          void delay(uchar x);
  26          void main()
  27          {
  28   1      
  29   1        while(1)
  30   1        { 
  31   2          
  32   2          ledx = 1;
*** ERROR C202 IN LINE 32 OF Led.c: 'ledx': undefined identifier
  33   2          delay(t);
  34   2          ledx = 0;
*** ERROR C202 IN LINE 34 OF Led.c: 'ledx': undefined identifier
  35   2          delay(t);
  36   2        }
  37   1      }
  38          
  39          void delay(uchar x)
  40          {
  41   1        for (i=0;i<x;i++)
  42   1        {
  43   2          for (j=0;j<120;j++){}
  44   2        }
  45   1      }
  46          
  47          void ledswap()
  48          {
  49   1        for (s=0;s<9;s++)
*** ERROR C202 IN LINE 49 OF Led.c: 's': undefined identifier
  50   1        {
C51 COMPILER V9.60.0.0   LED                                                               04/02/2020 21:19:48 PAGE 2   

  51   2          
  52   2      
  53   2        }
  54   1      }

C51 COMPILATION COMPLETE.  0 WARNING(S),  4 ERROR(S)
