C51 COMPILER V9.60.0.0   TRAFFIC_LIGHT                                                     04/09/2020 20:52:17 PAGE 1   


C51 COMPILER V9.60.0.0, COMPILATION OF MODULE TRAFFIC_LIGHT
OBJECT MODULE PLACED IN .\Objects\Traffic_Light.obj
COMPILER INVOKED BY: E:\Space_X\ProgramFiles_X\Keil\C51\BIN\C51.EXE Traffic_Light.c OPTIMIZE(8,SPEED) BROWSE DEBUG OBJEC
                    -TEXTEND PRINT(.\Listings\Traffic_Light.lst) TABS(2) OBJECT(.\Objects\Traffic_Light.obj)

line level    source

   1          #include <reg52.h>
   2          #define uchar unsigned char
   3          buzzer = P2^0;
*** ERROR C247 IN LINE 3 OF Traffic_Light.c: non-address/-constant initializer
   4          
   5          void main()
   6          {
   7   1        while(1)
   8   1        {
   9   2          buzzer = 0;
  10   2        }
  11   1      }
  12          
  13          
  14          

C51 COMPILATION COMPLETE.  0 WARNING(S),  1 ERROR(S)
