C51 COMPILER V9.60.0.0   TRAFFIC_LIGHT2                                                    04/09/2020 22:59:19 PAGE 1   


C51 COMPILER V9.60.0.0, COMPILATION OF MODULE TRAFFIC_LIGHT2
OBJECT MODULE PLACED IN .\Objects\Traffic_Light2.obj
COMPILER INVOKED BY: E:\Space_X\ProgramFiles_X\Keil\C51\BIN\C51.EXE Traffic_Light2.c OPTIMIZE(8,SPEED) BROWSE DEBUG OBJE
                    -CTEXTEND PRINT(.\Listings\Traffic_Light2.lst) TABS(2) OBJECT(.\Objects\Traffic_Light2.obj)

line level    source

   1          #include <reg52.h>
   2          #define uchar unsigned char
   3          sbit buzzer = P2^0;
   4          uchar i,j,y,x,d,a;
   5          int t;
   6          t = 1000;
   7          //Segments
   8          sbit digdef = P2^6; //digit define "0" for open , "1" for close
   9          sbit segdef = P2^7; //Segment define "0" for open , "1" for close
  10          //segment_def //selected when 1
  11          // available pins
  12          sbit seg1 = P0^0;
  13          sbit seg2 = P0^1;
  14          sbit seg3 = P0^2;
  15          sbit seg4 = P0^3;
  16          sbit seg5 = P0^4;
  17          sbit seg6 = P0^5;
  18          
  19          dig1 = 0x06;
  20          dig2 = 0x7f;
  21          /*
  22          dig3 =
  23          dig4 =
  24          dig5 =
  25          dif6 =
  26          dif7 =
  27          dif8 =
  28          dif9 = 
  29          dif0 =
  30          */
  31          
  32          // single LEDS //
  33          led1 = 0xfe;
  34          led2 = 0xfd;
  35          led3 = 0xfb;
  36          led4 = 0xf7;
  37          led5 = 0xef;
  38          led6 = 0xdf;
  39          led7 = 0xbf;
  40          led8 = 0x7f;
  41          
  42          // multiple LEDs //
  43          ledallon = 0x00;
  44          ledalloff = 0xff;
  45          halfon1 = 0x0f;
  46          halfon2 = 0xf0;
  47          
  48          
  49          void delay(uchar x);
  50          //void digit1();
  51          //void countdown(uchar d);
  52          void main()
  53          {
  54   1          buzzer = 0;
C51 COMPILER V9.60.0.0   TRAFFIC_LIGHT2                                                    04/09/2020 22:59:19 PAGE 2   

  55   1          segdef = 1;
  56   1          seg6 = 0;
  57   1          segdef = 0;
  58   1          digdef = 1;
  59   1          P0 = dig1;
  60   1          digdef = 0;
  61   1        while(1)
  62   1        {
  63   2      
  64   2          P1 = ledalloff;
  65   2          delay(t);
  66   2          buzzer = 1;
  67   2          P1 = ledallon;
  68   2          P0 = dig1;
  69   2          delay(t);
  70   2        }
  71   1      }
  72          void delay(uchar x)
  73          {
  74   1        for (i=0;i<x;i++){
  75   2          for (y=0;y<120;y++){}
  76   2          }
  77   1      }
  78          
  79          /*
  80          void countdown(uchar d)
  81          {
  82            for (a=0;a<d;a++){
  83            if(a=1){void digit1();}
  84            }
  85          }
  86          
  87          */


MODULE INFORMATION:   STATIC OVERLAYABLE
   CODE SIZE        =     70    ----
   CONSTANT SIZE    =   ----    ----
   XDATA SIZE       =   ----    ----
   PDATA SIZE       =   ----    ----
   DATA SIZE        =     36    ----
   IDATA SIZE       =   ----    ----
   BIT SIZE         =   ----    ----
END OF MODULE INFORMATION.


C51 COMPILATION COMPLETE.  0 WARNING(S),  0 ERROR(S)
