C51 COMPILER V9.60.0.0   PAULOCALCULATOR                                                   05/04/2020 11:31:48 PAGE 1   


C51 COMPILER V9.60.0.0, COMPILATION OF MODULE PAULOCALCULATOR
OBJECT MODULE PLACED IN .\Objects\PauloCalculator.obj
COMPILER INVOKED BY: C:\Keil_v5\C51\BIN\C51.EXE PauloCalculator.c OPTIMIZE(8,SPEED) BROWSE DEBUG OBJECTEXTEND PRINT(.\Li
                    -stings\PauloCalculator.lst) TABS(2) OBJECT(.\Objects\PauloCalculator.obj)

line level    source

   1          #include <reg52.h>
   2          #include "paulobeta.c"
*** ERROR C141 IN LINE 141 OF paulobeta.c: syntax error near ';', expected ':'
*** ERROR C141 IN LINE 144 OF paulobeta.c: syntax error near ';', expected ':'
*** ERROR C141 IN LINE 147 OF paulobeta.c: syntax error near ';', expected ':'
*** ERROR C141 IN LINE 150 OF paulobeta.c: syntax error near ';', expected ':'
*** ERROR C141 IN LINE 153 OF paulobeta.c: syntax error near ';', expected ':'
*** ERROR C141 IN LINE 156 OF paulobeta.c: syntax error near ';', expected ':'
*** ERROR C141 IN LINE 159 OF paulobeta.c: syntax error near ';', expected ':'
   3          #define uchar unsigned char
   4            
   5          //uchar columnCheck = 0xf0;
   6          //uchar rowCheck = 0x0f;
   7          uchar xdigit,digitx,xdigity,ans;
   8          
   9          void changestate();
  10          void getkey();
  11          void main(){
  12   1      while (1)
  13   1        {
  14   2          segment(1);
  15   2          digit(1);
  16   2        }
  17   1      }
  18          
  19          
  20          void changestate(){
  21   1      uchar paul = 1;
  22   1      }
  23          void getkey()
  24          {
  25   1        if (P3 != 0)
  26   1          {while(P3 != 0)
  27   2                  {
  28   3                    uchar key = P3;
  29   3                    switch(key)
  30   3                    {
  31   4                      case 0xee:                  
  32   4                        P1 = key;  // light LED
  33   4                        xdigit = 1;
  34   4                        changestate();
  35   4                        break;
  36   4                      case 0xde:                  
  37   4                        P1 = key;  // light LED
  38   4                        xdigit = 2;
  39   4                        changestate();
  40   4                        break;                
  41   4                      case 0xbe:                  
  42   4                        P1 = key;  // light LED
  43   4                        xdigit = 3;
  44   4                        changestate();
  45   4                        break;                
  46   4                      case 0x7e:                  
  47   4                        P1 = key;  // light LED
C51 COMPILER V9.60.0.0   PAULOCALCULATOR                                                   05/04/2020 11:31:48 PAGE 2   

  48   4                        xdigit = 4; 
  49   4                        changestate();
  50   4                        break;
  51   4                      case 0xed:                  
  52   4                        P1 = key;  // light LED
  53   4                        xdigit = 5; 
  54   4                        changestate();
  55   4                        break;
  56   4                      case 0xdd:                  
  57   4                        P1 = key;  // light LED
  58   4                        xdigit = 6; 
  59   4                        changestate();
  60   4                        break;                
  61   4                      case 0xbd:                  
  62   4                        P1 = key;  // light LED
  63   4                        xdigit = 7; 
  64   4                        changestate();
  65   4                        break;                
  66   4                      case 0x7d:                  
  67   4                        P1 = key;  // light LED
  68   4                        xdigit = 8; 
  69   4                        changestate();
  70   4                        break;                  
  71   4                      case 0xeb:                  
  72   4                        P1 = key;  // light LED
  73   4                        xdigit = 9; 
  74   4                        changestate();
  75   4                        break;
  76   4                      case 0xdb:                  
  77   4                        P1 = key;  // light LED
  78   4                        xdigit = 0; 
  79   4                        changestate();
  80   4                        break;                
  81   4                      case 0xbb:                  
  82   4                        P1 = key;  // light LED
  83   4                        changestate();
  84   4                        break;                
  85   4                      case 0x7b:                  
  86   4                        P1 = key;  // light LED
  87   4                        changestate();
  88   4                        break;
  89   4                      case 0xe7:                  
  90   4                        P1 = key;  // light LED
  91   4                        changestate();
  92   4                        break;
  93   4                      case 0xd7:                  
  94   4                        P1 = key;  // light LED
  95   4                        changestate();
  96   4                        break;                
  97   4                      case 0xb7:                  
  98   4                        P1 = key;  // light LED
  99   4                        changestate();
 100   4                        break;                
 101   4                      case 0x77:                  
 102   4                        P1 = key;  // light LED
 103   4                        changestate();
 104   4                        break;                
 105   4                      default:
 106   4                        P1 = 0xff;// turn off
 107   4                        xdigit =0;
 108   4                        
 109   4                    }
C51 COMPILER V9.60.0.0   PAULOCALCULATOR                                                   05/04/2020 11:31:48 PAGE 3   

 110   3                  }
 111   2                }
 112   1      }

C51 COMPILATION COMPLETE.  0 WARNING(S),  7 ERROR(S)
