C51 COMPILER V9.60.0.0   STC_CALCULATOR                                                    05/11/2020 06:17:33 PAGE 1   


C51 COMPILER V9.60.0.0, COMPILATION OF MODULE STC_CALCULATOR
OBJECT MODULE PLACED IN .\Objects\stc-calculator.obj
COMPILER INVOKED BY: C:\Keil_v5\C51\BIN\C51.EXE stc-calculator.c OPTIMIZE(8,SPEED) BROWSE DEBUG OBJECTEXTEND PRINT(.\Lis
                    -tings\stc-calculator.lst) TABS(2) OBJECT(.\Objects\stc-calculator.obj)

line level    source

   1          #include <reg52.h>
   2          #include "..\_OwnMadeStcHeaderFiles\paulobetax3.c"
   3          #define uchar unsigned char
   4            
   5          void main(){
   6   1        uchar bX;
   7   1        while(1){
   8   2          for(bX=1;bX<7;bX++){
   9   3            xled(bX);
  10   3            xdigit(bX);
  11   3            xsegment(bX);
  12   3            xseconds(1);
  13   3          }
  14   2        }
  15   1      }


MODULE INFORMATION:   STATIC OVERLAYABLE
   CODE SIZE        =    412    ----
   CONSTANT SIZE    =   ----    ----
   XDATA SIZE       =   ----    ----
   PDATA SIZE       =   ----    ----
   DATA SIZE        =      2       3
   IDATA SIZE       =   ----    ----
   BIT SIZE         =   ----    ----
END OF MODULE INFORMATION.


C51 COMPILATION COMPLETE.  0 WARNING(S),  0 ERROR(S)
